TN:
SF:src/main/webapp/app/app.constants.ts
FNF:0
FNH:0
DA:10,1
DA:11,1
DA:12,1
DA:13,1
LF:4
LH:4
BRF:0
BRH:0
end_of_record
TN:
SF:src/main/webapp/app/account/activate/activate.component.html
FNF:0
FNH:0
DA:1,1
LF:1
LH:1
BRF:0
BRH:0
end_of_record
TN:
SF:src/main/webapp/app/account/activate/activate.component.ts
FN:15,(anonymous_0)
FN:17,(anonymous_1)
FN:18,(anonymous_2)
FN:19,(anonymous_3)
FN:20,(anonymous_4)
FNF:5
FNH:5
FNDA:3,(anonymous_0)
FNDA:3,(anonymous_1)
FNDA:3,(anonymous_2)
FNDA:1,(anonymous_3)
FNDA:1,(anonymous_4)
DA:1,1
DA:2,1
DA:3,1
DA:5,1
DA:11,1
DA:12,3
DA:13,3
DA:15,3
DA:18,3
DA:19,1
DA:20,1
LF:11
LH:11
BRF:0
BRH:0
end_of_record
TN:
SF:src/main/webapp/app/account/activate/activate.service.ts
FN:9,(anonymous_0)
FN:11,(anonymous_1)
FNF:2
FNH:1
FNDA:3,(anonymous_0)
FNDA:0,(anonymous_1)
DA:1,1
DA:2,1
DA:5,1
DA:8,1
DA:9,3
DA:12,0
LF:6
LH:5
BRF:0
BRH:0
end_of_record
TN:
SF:src/main/webapp/app/account/password/password.component.html
FNF:0
FNH:0
DA:1,1
LF:1
LH:1
BRF:0
BRH:0
end_of_record
TN:
SF:src/main/webapp/app/account/password/password.component.ts
FN:24,(anonymous_0)
FN:26,(anonymous_1)
FN:30,(anonymous_2)
FN:40,(anonymous_3)
FN:41,(anonymous_4)
FNF:5
FNH:4
FNDA:4,(anonymous_0)
FNDA:0,(anonymous_1)
FNDA:4,(anonymous_2)
FNDA:2,(anonymous_3)
FNDA:1,(anonymous_4)
DA:1,1
DA:2,1
DA:5,1
DA:7,1
DA:13,1
DA:14,4
DA:15,4
DA:16,4
DA:18,4
DA:24,4
DA:27,0
DA:31,4
DA:32,4
DA:33,4
DA:35,4
DA:36,4
DA:37,1
DA:39,3
DA:40,2
DA:41,1
LF:20
LH:19
BRDA:36,0,0,1
BRDA:36,0,1,3
BRF:2
BRH:2
end_of_record
TN:
SF:src/main/webapp/app/account/password/password.service.ts
FN:9,(anonymous_0)
FN:11,(anonymous_1)
FNF:2
FNH:1
FNDA:4,(anonymous_0)
FNDA:0,(anonymous_1)
DA:1,1
DA:2,1
DA:5,1
DA:8,1
DA:9,4
DA:12,0
LF:6
LH:5
BRF:0
BRH:0
end_of_record
TN:
SF:src/main/webapp/app/account/password-reset/finish/password-reset-finish.component.html
FNF:0
FNH:0
DA:1,1
LF:1
LH:1
BRF:0
BRH:0
end_of_record
TN:
SF:src/main/webapp/app/account/password-reset/finish/password-reset-finish.component.ts
FN:26,(anonymous_0)
FN:28,(anonymous_1)
FN:29,(anonymous_2)
FN:37,(anonymous_3)
FN:43,(anonymous_4)
FN:54,(anonymous_5)
FN:55,(anonymous_6)
FNF:7
FNH:7
FNDA:10,(anonymous_0)
FNDA:5,(anonymous_1)
FNDA:5,(anonymous_2)
FNDA:1,(anonymous_3)
FNDA:3,(anonymous_4)
FNDA:1,(anonymous_5)
FNDA:1,(anonymous_6)
DA:1,1
DA:2,1
DA:3,1
DA:5,1
DA:11,1
DA:15,10
DA:16,10
DA:17,10
DA:18,10
DA:19,10
DA:21,10
DA:26,10
DA:29,5
DA:30,5
DA:31,5
DA:33,5
DA:38,1
DA:39,1
DA:44,3
DA:45,3
DA:47,3
DA:48,3
DA:50,3
DA:51,1
DA:53,2
DA:54,1
DA:55,1
LF:27
LH:27
BRDA:30,0,0,5
BRDA:30,0,1,0
BRDA:38,1,0,1
BRDA:38,1,1,0
BRDA:50,2,0,1
BRDA:50,2,1,2
BRF:6
BRH:4
end_of_record
TN:
SF:src/main/webapp/app/account/password-reset/finish/password-reset-finish.service.ts
FN:9,(anonymous_0)
FN:11,(anonymous_1)
FNF:2
FNH:1
FNDA:5,(anonymous_0)
FNDA:0,(anonymous_1)
DA:1,1
DA:2,1
DA:5,1
DA:8,1
DA:9,5
DA:12,0
LF:6
LH:5
BRF:0
BRH:0
end_of_record
TN:
SF:src/main/webapp/app/account/password-reset/init/password-reset-init.component.html
FNF:0
FNH:0
DA:1,1
LF:1
LH:1
BRF:0
BRH:0
end_of_record
TN:
SF:src/main/webapp/app/account/password-reset/init/password-reset-init.component.ts
FN:19,(anonymous_0)
FN:21,(anonymous_1)
FN:27,(anonymous_2)
FN:28,(anonymous_3)
FNF:4
FNH:4
FNDA:3,(anonymous_0)
FNDA:1,(anonymous_1)
FNDA:2,(anonymous_2)
FNDA:1,(anonymous_3)
DA:1,1
DA:2,1
DA:4,1
DA:10,1
DA:14,3
DA:15,3
DA:19,3
DA:22,1
DA:23,1
DA:28,2
LF:10
LH:10
BRDA:22,0,0,1
BRDA:22,0,1,0
BRF:2
BRH:1
end_of_record
TN:
SF:src/main/webapp/app/account/password-reset/init/password-reset-init.service.ts
FN:9,(anonymous_0)
FN:11,(anonymous_1)
FNF:2
FNH:1
FNDA:3,(anonymous_0)
FNDA:0,(anonymous_1)
DA:1,1
DA:2,1
DA:5,1
DA:8,1
DA:9,3
DA:12,0
LF:6
LH:5
BRF:0
BRH:0
end_of_record
TN:
SF:src/main/webapp/app/account/password/password-strength-bar/password-strength-bar.component.html
FNF:0
FNH:0
DA:1,1
LF:1
LH:1
BRF:0
BRH:0
end_of_record
TN:
SF:src/main/webapp/app/account/password/password-strength-bar/password-strength-bar.component.ts
FN:11,(anonymous_0)
FN:13,(anonymous_1)
FN:22,(anonymous_2)
FN:38,(anonymous_3)
FN:54,(anonymous_4)
FNF:5
FNH:4
FNDA:3,(anonymous_0)
FNDA:10,(anonymous_1)
FNDA:40,(anonymous_2)
FNDA:7,(anonymous_3)
FNDA:0,(anonymous_4)
DA:1,1
DA:8,1
DA:9,3
DA:11,3
DA:14,10
DA:15,10
DA:16,10
DA:17,10
DA:18,10
DA:19,10
DA:21,10
DA:22,40
DA:24,10
DA:25,10
DA:28,10
DA:31,10
DA:32,10
DA:33,10
DA:35,10
DA:39,7
DA:40,7
DA:41,4
DA:42,1
DA:43,3
DA:44,1
DA:45,2
DA:46,1
DA:48,1
DA:51,7
DA:56,0
DA:57,0
DA:58,0
DA:59,0
DA:60,0
DA:62,0
DA:63,0
DA:64,0
DA:65,0
DA:67,0
LF:39
LH:29
BRDA:24,0,0,1
BRDA:24,0,1,9
BRDA:28,1,0,7
BRDA:28,1,1,3
BRDA:31,2,0,2
BRDA:31,2,1,8
BRDA:32,3,0,0
BRDA:32,3,1,10
BRDA:33,4,0,2
BRDA:33,4,1,8
BRDA:40,5,0,4
BRDA:40,5,1,3
BRDA:41,6,0,1
BRDA:41,6,1,3
BRDA:43,7,0,1
BRDA:43,7,1,2
BRDA:45,8,0,1
BRDA:45,8,1,1
BRDA:56,9,0,0
BRDA:56,9,1,0
BRDA:59,10,0,0
BRDA:59,10,1,0
BRDA:64,11,0,0
BRDA:64,11,1,0
BRF:24
BRH:17
end_of_record
TN:
SF:src/main/webapp/app/account/register/register.component.html
FNF:0
FNH:0
DA:1,1
LF:1
LH:1
BRF:0
BRH:0
end_of_record
TN:
SF:src/main/webapp/app/account/register/register.component.ts
FN:37,(anonymous_0)
FN:39,(anonymous_1)
FN:45,(anonymous_2)
FN:58,(anonymous_3)
FN:59,(anonymous_4)
FN:64,(anonymous_5)
FNF:6
FNH:5
FNDA:5,(anonymous_0)
FNDA:0,(anonymous_1)
FNDA:5,(anonymous_2)
FNDA:1,(anonymous_3)
FNDA:3,(anonymous_4)
FNDA:3,(anonymous_5)
DA:1,1
DA:3,1
DA:5,1
DA:6,1
DA:12,1
DA:16,5
DA:17,5
DA:18,5
DA:19,5
DA:20,5
DA:22,5
DA:37,5
DA:40,0
DA:41,0
DA:46,5
DA:47,5
DA:48,5
DA:49,5
DA:51,5
DA:52,5
DA:53,1
DA:55,4
DA:56,4
DA:57,4
DA:58,1
DA:59,3
DA:65,3
DA:66,1
DA:67,2
DA:68,1
DA:70,1
LF:31
LH:29
BRDA:40,0,0,0
BRDA:40,0,1,0
BRDA:52,1,0,1
BRDA:52,1,1,4
BRDA:65,2,0,1
BRDA:65,2,1,2
BRDA:65,3,0,3
BRDA:65,3,1,2
BRDA:67,4,0,1
BRDA:67,4,1,1
BRDA:67,5,0,2
BRDA:67,5,1,1
BRF:12
BRH:10
end_of_record
TN:
SF:src/main/webapp/app/account/register/register.service.ts
FN:10,(anonymous_0)
FN:12,(anonymous_1)
FNF:2
FNH:1
FNDA:5,(anonymous_0)
FNDA:0,(anonymous_1)
DA:1,1
DA:2,1
DA:5,1
DA:9,1
DA:10,5
DA:13,0
LF:6
LH:5
BRF:0
BRH:0
end_of_record
TN:
SF:src/main/webapp/app/account/settings/settings.component.html
FNF:0
FNH:0
DA:1,1
LF:1
LH:1
BRF:0
BRH:0
end_of_record
TN:
SF:src/main/webapp/app/account/settings/settings.component.ts
FN:20,(anonymous_0)
FN:22,(anonymous_1)
FN:23,(anonymous_2)
FN:36,(anonymous_3)
FN:43,(anonymous_4)
FNF:5
FNH:5
FNDA:3,(anonymous_0)
FNDA:3,(anonymous_1)
FNDA:3,(anonymous_2)
FNDA:3,(anonymous_3)
FNDA:2,(anonymous_4)
DA:1,1
DA:2,1
DA:4,1
DA:11,1
DA:13,3
DA:14,3
DA:20,3
DA:23,3
DA:24,3
DA:25,3
DA:31,3
DA:37,3
DA:39,3
DA:40,3
DA:41,3
DA:43,3
DA:44,2
DA:46,2
LF:18
LH:18
BRDA:24,0,0,3
BRDA:24,0,1,0
BRF:2
BRH:1
end_of_record
TN:
SF:src/main/webapp/app/admin/configuration/configuration.component.html
FNF:0
FNH:0
DA:1,1
LF:1
LH:1
BRF:0
BRH:0
end_of_record
TN:
SF:src/main/webapp/app/admin/configuration/configuration.component.ts
FN:17,(anonymous_0)
FN:19,(anonymous_1)
FN:20,(anonymous_2)
FN:25,(anonymous_3)
FN:28,(anonymous_4)
FN:32,(anonymous_5)
FN:33,(anonymous_6)
FNF:7
FNH:6
FNDA:1,(anonymous_0)
FNDA:1,(anonymous_1)
FNDA:1,(anonymous_2)
FNDA:1,(anonymous_3)
FNDA:1,(anonymous_4)
FNDA:1,(anonymous_5)
FNDA:0,(anonymous_6)
DA:1,1
DA:3,1
DA:10,1
DA:12,1
DA:13,1
DA:14,1
DA:15,1
DA:17,1
DA:20,1
DA:21,1
DA:22,1
DA:25,1
DA:29,1
DA:30,1
DA:31,1
DA:32,1
DA:33,0
LF:17
LH:16
BRDA:29,0,0,1
BRDA:29,0,1,0
BRDA:30,1,0,1
BRDA:30,1,1,0
BRDA:32,2,0,1
BRDA:32,2,1,0
BRDA:33,3,0,0
BRDA:33,3,1,0
BRF:8
BRH:3
end_of_record
TN:
SF:src/main/webapp/app/admin/configuration/configuration.service.ts
FN:11,(anonymous_0)
FN:13,(anonymous_1)
FN:15,(anonymous_2)
FN:18,(anonymous_3)
FN:19,(anonymous_4)
FN:25,(anonymous_5)
FN:26,(anonymous_6)
FNF:7
FNH:6
FNDA:3,(anonymous_0)
FNDA:1,(anonymous_1)
FNDA:1,(anonymous_2)
FNDA:1,(anonymous_3)
FNDA:0,(anonymous_4)
FNDA:1,(anonymous_5)
FNDA:1,(anonymous_6)
DA:1,2
DA:2,2
DA:4,2
DA:6,2
DA:10,2
DA:11,3
DA:14,1
DA:16,1
DA:18,1
DA:19,0
DA:26,1
LF:11
LH:10
BRF:0
BRH:0
end_of_record
TN:
SF:src/main/webapp/app/admin/health/health.component.html
FNF:0
FNH:0
DA:1,1
LF:1
LH:1
BRF:0
BRH:0
end_of_record
TN:
SF:src/main/webapp/app/admin/health/health.component.ts
FN:16,(anonymous_0)
FN:18,(anonymous_1)
FN:22,(anonymous_2)
FN:30,(anonymous_3)
FN:32,(anonymous_4)
FN:33,(anonymous_5)
FN:41,(anonymous_6)
FNF:7
FNH:6
FNDA:3,(anonymous_0)
FNDA:1,(anonymous_1)
FNDA:2,(anonymous_2)
FNDA:2,(anonymous_3)
FNDA:1,(anonymous_4)
FNDA:1,(anonymous_5)
FNDA:0,(anonymous_6)
DA:1,1
DA:3,1
DA:5,1
DA:7,1
DA:13,1
DA:16,3
DA:19,1
DA:23,2
DA:24,1
DA:26,1
DA:31,2
DA:32,1
DA:34,1
DA:35,1
DA:42,0
DA:43,0
LF:16
LH:14
BRDA:23,0,0,1
BRDA:23,0,1,1
BRDA:34,1,0,1
BRDA:34,1,1,0
BRF:4
BRH:3
end_of_record
TN:
SF:src/main/webapp/app/admin/health/health.service.ts
FN:10,(anonymous_0)
FN:12,(anonymous_1)
FNF:2
FNH:1
FNDA:3,(anonymous_0)
FNDA:0,(anonymous_1)
DA:1,1
DA:2,1
DA:5,1
DA:9,1
DA:10,3
DA:13,0
LF:6
LH:5
BRF:0
BRH:0
end_of_record
TN:
SF:src/main/webapp/app/admin/health/modal/health-modal.component.html
FNF:0
FNH:0
DA:1,2
LF:1
LH:1
BRF:0
BRH:0
end_of_record
TN:
SF:src/main/webapp/app/admin/health/modal/health-modal.component.ts
FN:13,(anonymous_0)
FN:15,(anonymous_1)
FN:33,(anonymous_2)
FNF:3
FNH:3
FNDA:6,(anonymous_0)
FNDA:5,(anonymous_1)
FNDA:1,(anonymous_2)
DA:1,2
DA:2,2
DA:10,2
DA:13,6
DA:16,5
DA:18,2
DA:19,2
DA:20,1
DA:22,1
DA:26,3
DA:27,1
DA:29,2
DA:34,1
LF:13
LH:13
BRDA:16,0,0,2
BRDA:16,0,1,3
BRDA:16,1,0,2
BRDA:16,1,1,3
BRDA:16,2,0,5
BRDA:16,2,1,5
BRDA:19,3,0,1
BRDA:19,3,1,1
BRDA:26,4,0,1
BRDA:26,4,1,2
BRF:10
BRH:10
end_of_record
TN:
SF:src/main/webapp/app/admin/logs/log.model.ts
FN:14,(anonymous_0)
FNF:1
FNH:1
FNDA:4,(anonymous_0)
DA:13,1
DA:14,4
LF:2
LH:2
BRF:0
BRH:0
end_of_record
TN:
SF:src/main/webapp/app/admin/logs/logs.component.html
FNF:0
FNH:0
DA:1,1
LF:1
LH:1
BRF:0
BRH:0
end_of_record
TN:
SF:src/main/webapp/app/admin/logs/logs.component.ts
FN:17,(anonymous_0)
FN:19,(anonymous_1)
FN:23,(anonymous_2)
FN:24,(anonymous_3)
FN:27,(anonymous_4)
FN:29,(anonymous_5)
FN:30,(anonymous_6)
FN:42,(anonymous_7)
FN:43,(anonymous_8)
FN:44,(anonymous_9)
FNF:10
FNH:9
FNDA:3,(anonymous_0)
FNDA:1,(anonymous_1)
FNDA:1,(anonymous_2)
FNDA:1,(anonymous_3)
FNDA:2,(anonymous_4)
FNDA:2,(anonymous_5)
FNDA:0,(anonymous_6)
FNDA:2,(anonymous_7)
FNDA:2,(anonymous_8)
FNDA:2,(anonymous_9)
DA:1,1
DA:3,1
DA:4,1
DA:10,1
DA:13,3
DA:14,3
DA:15,3
DA:17,3
DA:20,1
DA:24,1
DA:28,2
DA:29,2
DA:31,0
DA:32,0
DA:33,0
DA:34,0
DA:35,0
DA:36,0
DA:38,0
DA:43,2
DA:44,2
DA:45,2
LF:22
LH:15
BRDA:29,0,0,2
BRDA:29,0,1,0
BRDA:31,1,0,0
BRDA:31,1,1,0
BRDA:32,2,0,0
BRDA:32,2,1,0
BRDA:33,3,0,0
BRDA:33,3,1,0
BRDA:34,4,0,0
BRDA:34,4,1,0
BRDA:35,5,0,0
BRDA:35,5,1,0
BRDA:36,6,0,0
BRDA:36,6,1,0
BRF:14
BRH:1
end_of_record
TN:
SF:src/main/webapp/app/admin/logs/logs.service.ts
FN:10,(anonymous_0)
FN:12,(anonymous_1)
FN:16,(anonymous_2)
FNF:3
FNH:2
FNDA:4,(anonymous_0)
FNDA:1,(anonymous_1)
FNDA:0,(anonymous_2)
DA:1,2
DA:2,2
DA:5,2
DA:9,2
DA:10,4
DA:13,1
DA:17,0
LF:7
LH:6
BRF:0
BRH:0
end_of_record
TN:
SF:src/main/webapp/app/admin/metrics/metrics.component.html
FNF:0
FNH:0
DA:1,1
LF:1
LH:1
BRF:0
BRH:0
end_of_record
TN:
SF:src/main/webapp/app/admin/metrics/metrics.component.ts
FN:17,(anonymous_0)
FN:19,(anonymous_1)
FN:23,(anonymous_2)
FN:25,(anonymous_3)
FN:33,(anonymous_4)
FN:37,(anonymous_5)
FNF:6
FNH:3
FNDA:1,(anonymous_0)
FNDA:1,(anonymous_1)
FNDA:1,(anonymous_2)
FNDA:0,(anonymous_3)
FNDA:0,(anonymous_4)
FNDA:0,(anonymous_5)
DA:1,1
DA:2,1
DA:4,1
DA:12,1
DA:15,1
DA:17,1
DA:20,1
DA:24,1
DA:25,1
DA:26,0
DA:27,0
DA:28,0
DA:29,0
DA:34,0
DA:38,0
LF:15
LH:9
BRDA:34,0,0,0
BRDA:34,0,1,0
BRDA:34,1,0,0
BRDA:34,1,1,0
BRDA:38,2,0,0
BRDA:38,2,1,0
BRDA:38,3,0,0
BRDA:38,3,1,0
BRDA:38,4,0,0
BRDA:38,4,1,0
BRF:10
BRH:0
end_of_record
TN:
SF:src/main/webapp/app/admin/metrics/metrics.model.ts
FN:83,(anonymous_0)
FN:152,(anonymous_1)
FNF:2
FNH:2
FNDA:1,(anonymous_0)
FNDA:1,(anonymous_1)
DA:83,1
DA:84,1
DA:85,1
DA:86,1
DA:87,1
DA:88,1
DA:152,1
DA:153,1
DA:154,1
DA:155,1
DA:156,1
DA:157,1
DA:158,1
LF:13
LH:13
BRDA:83,0,0,1
BRDA:83,0,1,1
BRDA:152,1,0,1
BRDA:152,1,1,1
BRF:4
BRH:4
end_of_record
TN:
SF:src/main/webapp/app/admin/metrics/metrics.service.ts
FN:10,(anonymous_0)
FN:12,(anonymous_1)
FN:16,(anonymous_2)
FNF:3
FNH:3
FNDA:3,(anonymous_0)
FNDA:1,(anonymous_1)
FNDA:2,(anonymous_2)
DA:1,2
DA:2,2
DA:5,2
DA:9,2
DA:10,3
DA:13,1
DA:17,2
LF:7
LH:7
BRF:0
BRH:0
end_of_record
TN:
SF:src/main/webapp/app/admin/user-management/user-management.model.ts
FN:17,(anonymous_0)
FNF:1
FNH:1
FNDA:9,(anonymous_0)
DA:16,4
DA:18,9
DA:19,9
DA:20,9
DA:21,9
DA:22,9
DA:23,9
DA:24,9
DA:25,9
DA:26,9
DA:27,9
DA:28,9
DA:29,9
LF:13
LH:13
BRF:0
BRH:0
end_of_record
TN:
SF:src/main/webapp/app/admin/user-management/delete/user-management-delete-dialog.component.html
FNF:0
FNH:0
DA:1,2
LF:1
LH:1
BRF:0
BRH:0
end_of_record
TN:
SF:src/main/webapp/app/admin/user-management/delete/user-management-delete-dialog.component.ts
FN:14,(anonymous_0)
FN:16,(anonymous_1)
FN:20,(anonymous_2)
FN:21,(anonymous_3)
FNF:4
FNH:3
FNDA:1,(anonymous_0)
FNDA:0,(anonymous_1)
FNDA:1,(anonymous_2)
FNDA:1,(anonymous_3)
DA:1,2
DA:2,2
DA:5,2
DA:11,2
DA:14,1
DA:17,0
DA:21,1
DA:22,1
LF:8
LH:7
BRF:0
BRH:0
end_of_record
TN:
SF:src/main/webapp/app/admin/user-management/detail/user-management-detail.component.html
FNF:0
FNH:0
DA:1,1
LF:1
LH:1
BRF:0
BRH:0
end_of_record
TN:
SF:src/main/webapp/app/admin/user-management/detail/user-management-detail.component.ts
FN:13,(anonymous_0)
FN:15,(anonymous_1)
FN:16,(anonymous_2)
FNF:3
FNH:3
FNDA:1,(anonymous_0)
FNDA:1,(anonymous_1)
FNDA:1,(anonymous_2)
DA:1,1
DA:2,1
DA:10,1
DA:11,1
DA:13,1
DA:16,1
DA:17,1
LF:7
LH:7
BRF:0
BRH:0
end_of_record
TN:
SF:src/main/webapp/app/admin/user-management/list/user-management.component.html
FNF:0
FNH:0
DA:1,1
LF:1
LH:1
BRF:0
BRH:0
end_of_record
TN:
SF:src/main/webapp/app/admin/user-management/list/user-management.component.ts
FN:28,(anonymous_0)
FN:36,(anonymous_1)
FN:37,(anonymous_2)
FN:41,(anonymous_3)
FN:42,(anonymous_4)
FN:45,(anonymous_5)
FN:49,(anonymous_6)
FN:53,(anonymous_7)
FN:60,(anonymous_8)
FN:69,(anonymous_9)
FN:73,(anonymous_10)
FN:77,(anonymous_11)
FN:87,(anonymous_12)
FN:88,(anonymous_13)
FN:98,(anonymous_14)
FN:106,(anonymous_15)
FNF:16
FNH:11
FNDA:2,(anonymous_0)
FNDA:1,(anonymous_1)
FNDA:1,(anonymous_2)
FNDA:1,(anonymous_3)
FNDA:1,(anonymous_4)
FNDA:0,(anonymous_5)
FNDA:0,(anonymous_6)
FNDA:0,(anonymous_7)
FNDA:2,(anonymous_8)
FNDA:2,(anonymous_9)
FNDA:0,(anonymous_10)
FNDA:0,(anonymous_11)
FNDA:1,(anonymous_12)
FNDA:1,(anonymous_13)
FNDA:2,(anonymous_14)
FNDA:2,(anonymous_15)
DA:1,1
DA:3,1
DA:4,1
DA:5,1
DA:7,1
DA:8,1
DA:10,1
DA:12,1
DA:18,1
DA:19,2
DA:20,2
DA:21,2
DA:22,2
DA:23,2
DA:29,2
DA:30,2
DA:31,2
DA:32,2
DA:33,2
DA:37,1
DA:38,1
DA:42,1
DA:46,0
DA:50,0
DA:51,0
DA:53,0
DA:54,0
DA:55,0
DA:61,2
DA:62,2
DA:70,2
DA:71,2
DA:73,0
DA:78,0
DA:88,1
DA:89,1
DA:90,1
DA:91,1
DA:92,1
DA:93,1
DA:94,1
DA:99,2
DA:100,2
DA:101,1
DA:103,2
DA:107,2
DA:108,2
LF:47
LH:39
BRDA:54,0,0,0
BRDA:54,0,1,0
BRDA:82,1,0,0
BRDA:82,1,1,0
BRDA:90,2,0,1
BRDA:90,2,1,0
BRDA:91,3,0,1
BRDA:91,3,1,0
BRDA:91,4,0,1
BRDA:91,4,1,1
BRDA:99,5,0,0
BRDA:99,5,1,2
BRDA:100,6,0,1
BRDA:100,6,1,1
BRF:14
BRH:7
end_of_record
TN:
SF:src/main/webapp/app/admin/user-management/service/user-management.service.ts
FN:14,(anonymous_0)
FN:16,(anonymous_1)
FN:20,(anonymous_2)
FN:24,(anonymous_3)
FN:28,(anonymous_4)
FN:33,(anonymous_5)
FN:37,(anonymous_6)
FNF:7
FNH:3
FNDA:9,(anonymous_0)
FNDA:0,(anonymous_1)
FNDA:0,(anonymous_2)
FNDA:2,(anonymous_3)
FNDA:0,(anonymous_4)
FNDA:0,(anonymous_5)
FNDA:1,(anonymous_6)
DA:1,4
DA:2,4
DA:5,4
DA:6,4
DA:11,4
DA:12,9
DA:14,9
DA:17,0
DA:21,0
DA:25,2
DA:29,0
DA:30,0
DA:34,0
DA:38,1
LF:14
LH:9
BRF:0
BRH:0
end_of_record
TN:
SF:src/main/webapp/app/admin/user-management/update/user-management-update.component.html
FNF:0
FNH:0
DA:1,1
LF:1
LH:1
BRF:0
BRH:0
end_of_record
TN:
SF:src/main/webapp/app/admin/user-management/update/user-management-update.component.ts
FN:36,(anonymous_0)
FN:38,(anonymous_1)
FN:39,(anonymous_2)
FN:48,(anonymous_3)
FN:51,(anonymous_4)
FN:55,(anonymous_5)
FN:60,(anonymous_6)
FN:61,(anonymous_7)
FN:66,(anonymous_8)
FN:67,(anonymous_9)
FN:72,(anonymous_10)
FN:85,(anonymous_11)
FN:95,(anonymous_12)
FN:100,(anonymous_13)
FNF:14
FNH:11
FNDA:3,(anonymous_0)
FNDA:1,(anonymous_1)
FNDA:1,(anonymous_2)
FNDA:1,(anonymous_3)
FNDA:2,(anonymous_4)
FNDA:2,(anonymous_5)
FNDA:1,(anonymous_6)
FNDA:0,(anonymous_7)
FNDA:1,(anonymous_8)
FNDA:0,(anonymous_9)
FNDA:1,(anonymous_10)
FNDA:2,(anonymous_11)
FNDA:2,(anonymous_12)
FNDA:0,(anonymous_13)
DA:1,1
DA:2,1
DA:3,1
DA:6,1
DA:12,1
DA:14,3
DA:15,3
DA:17,3
DA:36,3
DA:39,1
DA:40,1
DA:41,1
DA:42,1
DA:43,0
DA:45,1
DA:48,1
DA:52,2
DA:56,2
DA:57,2
DA:58,2
DA:59,1
DA:60,1
DA:61,0
DA:64,1
DA:65,1
DA:66,1
DA:67,0
DA:73,1
DA:86,2
DA:87,2
DA:88,2
DA:89,2
DA:90,2
DA:91,2
DA:92,2
DA:96,2
DA:97,2
DA:101,0
LF:38
LH:34
BRDA:40,0,0,1
BRDA:40,0,1,0
BRDA:42,1,0,0
BRDA:42,1,1,1
BRDA:58,2,0,1
BRDA:58,2,1,1
BRF:6
BRH:4
end_of_record
TN:
SF:src/main/webapp/app/config/authority.constants.ts
FN:1,(anonymous_0)
FNF:1
FNH:1
FNDA:4,(anonymous_0)
DA:1,4
DA:2,4
DA:3,4
LF:3
LH:3
BRDA:1,0,0,4
BRDA:1,0,1,4
BRF:2
BRH:2
end_of_record
TN:
SF:src/main/webapp/app/config/error.constants.ts
FNF:0
FNH:0
DA:1,1
DA:2,1
DA:3,1
LF:3
LH:3
BRF:0
BRH:0
end_of_record
TN:
SF:src/main/webapp/app/config/input.constants.ts
FNF:0
FNH:0
DA:1,2
DA:2,2
LF:2
LH:2
BRF:0
BRH:0
end_of_record
TN:
SF:src/main/webapp/app/config/pagination.constants.ts
FNF:0
FNH:0
DA:1,2
DA:2,2
DA:3,2
DA:4,2
LF:4
LH:4
BRF:0
BRH:0
end_of_record
TN:
SF:src/main/webapp/app/core/auth/account.service.ts
FN:17,(anonymous_0)
FN:24,(anonymous_1)
FN:28,(anonymous_2)
FN:33,(anonymous_3)
FN:40,(anonymous_4)
FN:43,(anonymous_5)
FN:46,(anonymous_6)
FN:47,(anonymous_7)
FN:60,(anonymous_8)
FN:64,(anonymous_9)
FN:68,(anonymous_10)
FN:72,(anonymous_11)
FNF:12
FNH:12
FNDA:16,(anonymous_0)
FNDA:1,(anonymous_1)
FNDA:15,(anonymous_2)
FNDA:6,(anonymous_3)
FNDA:4,(anonymous_4)
FNDA:6,(anonymous_5)
FNDA:1,(anonymous_6)
FNDA:4,(anonymous_7)
FNDA:4,(anonymous_8)
FNDA:5,(anonymous_9)
FNDA:5,(anonymous_10)
FNDA:3,(anonymous_11)
DA:1,10
DA:2,10
DA:3,10
DA:4,10
DA:5,10
DA:7,10
DA:8,10
DA:12,10
DA:13,16
DA:14,16
DA:18,16
DA:19,16
DA:20,16
DA:21,16
DA:25,1
DA:29,15
DA:30,15
DA:34,6
DA:35,2
DA:37,4
DA:38,2
DA:40,4
DA:44,6
DA:45,5
DA:46,1
DA:48,4
DA:50,4
DA:51,3
DA:57,6
DA:61,4
DA:65,5
DA:69,5
DA:75,3
DA:76,3
DA:77,1
DA:78,1
LF:36
LH:36
BRDA:34,0,0,2
BRDA:34,0,1,4
BRDA:37,1,0,2
BRDA:37,1,1,2
BRDA:44,2,0,5
BRDA:44,2,1,1
BRDA:44,3,0,6
BRDA:44,3,1,2
BRDA:44,3,2,2
BRDA:50,4,0,3
BRDA:50,4,1,1
BRDA:76,5,0,1
BRDA:76,5,1,2
BRF:13
BRH:13
end_of_record
TN:
SF:src/main/webapp/app/core/auth/auth-jwt.service.ts
FN:16,(anonymous_0)
FN:23,(anonymous_1)
FN:29,(anonymous_2)
FN:32,(anonymous_3)
FN:35,(anonymous_4)
FN:36,(anonymous_5)
FN:43,(anonymous_6)
FNF:7
FNH:7
FNDA:6,(anonymous_0)
FNDA:3,(anonymous_1)
FNDA:2,(anonymous_2)
FNDA:2,(anonymous_3)
FNDA:1,(anonymous_4)
FNDA:1,(anonymous_5)
FNDA:2,(anonymous_6)
DA:1,3
DA:2,3
DA:3,3
DA:4,3
DA:5,3
DA:7,3
DA:15,3
DA:17,6
DA:18,6
DA:19,6
DA:20,6
DA:24,3
DA:25,3
DA:26,3
DA:30,2
DA:32,2
DA:36,1
DA:37,1
DA:38,1
DA:39,1
DA:44,2
DA:45,2
DA:46,1
DA:47,1
DA:49,1
DA:50,1
LF:26
LH:26
BRDA:26,0,0,2
BRDA:26,0,1,1
BRDA:26,1,0,3
BRDA:26,1,1,2
BRDA:26,2,0,1
BRDA:26,2,1,2
BRDA:26,3,0,3
BRDA:26,3,1,1
BRDA:45,4,0,1
BRDA:45,4,1,1
BRF:10
BRH:10
end_of_record
TN:
SF:src/main/webapp/app/core/auth/state-storage.service.ts
FN:8,(anonymous_0)
FN:10,(anonymous_1)
FN:14,(anonymous_2)
FN:18,(anonymous_3)
FNF:4
FNH:1
FNDA:3,(anonymous_0)
FNDA:0,(anonymous_1)
FNDA:0,(anonymous_2)
FNDA:0,(anonymous_3)
DA:1,10
DA:2,10
DA:5,10
DA:6,3
DA:8,3
DA:11,0
DA:15,0
DA:19,0
LF:8
LH:5
BRF:0
BRH:0
end_of_record
TN:
SF:src/main/webapp/app/core/config/application-config.service.ts
FN:9,(anonymous_1)
FN:13,(anonymous_2)
FNF:2
FNH:2
FNDA:2,(anonymous_1)
FNDA:68,(anonymous_2)
DA:1,36
DA:6,36
DA:7,105
DA:10,2
DA:14,68
DA:15,2
DA:17,66
LF:7
LH:7
BRDA:14,0,0,2
BRDA:14,0,1,66
BRF:2
BRH:2
end_of_record
TN:
SF:src/main/webapp/app/core/request/request-util.ts
FN:3,(anonymous_0)
FN:7,(anonymous_1)
FN:14,(anonymous_2)
FNF:3
FNH:1
FNDA:3,(anonymous_0)
FNDA:0,(anonymous_1)
FNDA:0,(anonymous_2)
DA:1,10
DA:3,10
DA:4,3
DA:6,3
DA:7,0
DA:8,0
DA:9,0
DA:13,0
DA:14,0
DA:15,0
DA:20,3
LF:11
LH:5
BRDA:6,0,0,0
BRDA:6,0,1,3
BRDA:8,1,0,0
BRDA:8,1,1,0
BRDA:13,2,0,0
BRDA:13,2,1,0
BRF:6
BRH:1
end_of_record
TN:
SF:src/main/webapp/app/core/util/alert.service.ts
FN:28,(anonymous_0)
FN:30,(anonymous_1)
FN:34,(anonymous_2)
FN:45,(anonymous_3)
FN:52,(anonymous_4)
FN:59,(anonymous_5)
FN:60,(anonymous_6)
FN:61,(anonymous_7)
FN:71,(anonymous_8)
FN:73,(anonymous_9)
FNF:10
FNH:10
FNDA:20,(anonymous_0)
FNDA:1,(anonymous_1)
FNDA:18,(anonymous_2)
FNDA:17,(anonymous_3)
FNDA:3,(anonymous_4)
FNDA:17,(anonymous_5)
FNDA:8,(anonymous_6)
FNDA:8,(anonymous_7)
FNDA:11,(anonymous_8)
FNDA:12,(anonymous_9)
DA:1,3
DA:2,3
DA:19,3
DA:20,20
DA:21,20
DA:22,20
DA:25,20
DA:26,20
DA:28,20
DA:31,1
DA:35,18
DA:46,17
DA:48,17
DA:49,17
DA:50,17
DA:51,17
DA:52,17
DA:54,17
DA:56,17
DA:59,17
DA:60,17
DA:61,8
DA:62,8
DA:68,17
DA:72,11
DA:73,12
DA:75,11
DA:76,8
LF:28
LH:28
BRDA:48,0,0,17
BRDA:48,0,1,0
BRDA:48,1,0,17
BRDA:48,1,1,17
BRDA:48,2,0,17
BRDA:48,2,1,0
BRDA:48,3,0,17
BRDA:48,3,1,17
BRDA:49,4,0,3
BRDA:49,4,1,14
BRDA:49,5,0,17
BRDA:49,5,1,17
BRDA:50,6,0,3
BRDA:50,6,1,14
BRDA:50,7,0,17
BRDA:50,7,1,17
BRDA:51,8,0,4
BRDA:51,8,1,13
BRDA:51,9,0,17
BRDA:51,9,1,17
BRDA:54,10,0,2
BRDA:54,10,1,15
BRDA:54,11,0,17
BRDA:54,11,1,17
BRDA:56,12,0,17
BRDA:56,12,1,0
BRDA:62,13,0,1
BRDA:62,13,1,7
BRDA:62,14,0,8
BRDA:62,14,1,8
BRDA:72,15,0,11
BRDA:72,15,1,0
BRDA:72,16,0,11
BRDA:72,16,1,11
BRDA:75,17,0,8
BRDA:75,17,1,3
BRF:36
BRH:32
end_of_record
TN:
SF:src/main/webapp/app/core/util/data-util.service.ts
FN:23,(anonymous_0)
FN:30,(anonymous_1)
FN:68,(anonymous_2)
FN:69,(anonymous_3)
FN:82,(anonymous_4)
FN:105,(anonymous_5)
FN:107,(anonymous_6)
FN:116,(anonymous_7)
FN:120,(anonymous_8)
FN:130,(anonymous_9)
FN:134,(anonymous_10)
FNF:11
FNH:6
FNDA:1,(anonymous_0)
FNDA:1,(anonymous_1)
FNDA:0,(anonymous_2)
FNDA:0,(anonymous_3)
FNDA:0,(anonymous_4)
FNDA:0,(anonymous_5)
FNDA:0,(anonymous_6)
FNDA:2,(anonymous_7)
FNDA:1,(anonymous_8)
FNDA:1,(anonymous_9)
FNDA:1,(anonymous_10)
DA:1,1
DA:3,1
DA:19,1
DA:24,1
DA:31,1
DA:33,1
DA:35,0
DA:36,0
DA:37,0
DA:38,0
DA:40,0
DA:41,0
DA:44,0
DA:47,1
DA:48,1
DA:49,1
DA:69,0
DA:70,0
DA:71,0
DA:72,0
DA:73,0
DA:74,0
DA:79,0
DA:81,0
DA:82,0
DA:83,0
DA:87,0
DA:88,0
DA:92,0
DA:97,0
DA:106,0
DA:107,0
DA:108,0
DA:109,0
DA:110,0
DA:113,0
DA:117,2
DA:121,1
DA:122,0
DA:124,1
DA:125,0
DA:127,1
DA:131,1
DA:135,1
LF:44
LH:15
BRDA:31,0,0,1
BRDA:31,0,1,0
BRDA:31,1,0,1
BRDA:31,1,1,1
BRDA:33,2,0,0
BRDA:33,2,1,1
BRDA:49,3,0,0
BRDA:49,3,1,1
BRDA:49,4,0,1
BRDA:49,4,1,1
BRDA:71,5,0,0
BRDA:71,5,1,0
BRDA:71,6,0,0
BRDA:71,6,1,0
BRDA:71,7,0,0
BRDA:71,7,1,0
BRDA:71,8,0,0
BRDA:71,8,1,0
BRDA:71,9,0,0
BRDA:71,9,1,0
BRDA:73,10,0,0
BRDA:73,10,1,0
BRDA:73,11,0,0
BRDA:73,11,1,0
BRDA:108,12,0,0
BRDA:108,12,1,0
BRDA:108,13,0,0
BRDA:108,13,1,0
BRDA:108,14,0,0
BRDA:108,14,1,0
BRDA:121,15,0,0
BRDA:121,15,1,1
BRDA:124,16,0,0
BRDA:124,16,1,1
BRF:34
BRH:9
end_of_record
TN:
SF:src/main/webapp/app/core/util/event-manager.service.ts
FN:6,(anonymous_0)
FN:19,(anonymous_1)
FN:20,(anonymous_2)
FN:28,(anonymous_3)
FN:39,(anonymous_4)
FN:45,(anonymous_5)
FN:60,(anonymous_6)
FNF:7
FNH:7
FNDA:1,(anonymous_0)
FNDA:12,(anonymous_1)
FNDA:11,(anonymous_2)
FNDA:17,(anonymous_3)
FNDA:19,(anonymous_4)
FNDA:25,(anonymous_5)
FNDA:14,(anonymous_6)
DA:1,2
DA:2,2
DA:3,2
DA:5,2
DA:6,1
DA:15,2
DA:20,12
DA:21,11
DA:29,17
DA:30,16
DA:40,19
DA:41,18
DA:43,19
DA:46,25
DA:47,27
DA:48,13
DA:51,12
DA:61,14
LF:18
LH:18
BRDA:29,0,0,16
BRDA:29,0,1,1
BRDA:40,1,0,18
BRDA:40,1,1,1
BRDA:47,2,0,13
BRDA:47,2,1,14
BRDA:47,3,0,27
BRDA:47,3,1,6
BRDA:47,3,2,25
BRDA:47,3,3,21
BRF:10
BRH:10
end_of_record
TN:
SF:src/main/webapp/app/core/util/operators.ts
FN:5,isPresent
FN:9,(anonymous_1)
FNF:2
FNH:2
FNDA:29,isPresent
FNDA:2,(anonymous_1)
DA:5,7
DA:6,29
DA:9,7
LF:3
LH:3
BRDA:6,0,0,29
BRDA:6,0,1,24
BRDA:9,1,0,1
BRDA:9,1,1,1
BRF:4
BRH:4
end_of_record
TN:
SF:src/main/webapp/app/core/util/parse-links.service.ts
FN:13,(anonymous_0)
FN:23,(anonymous_1)
FN:35,(anonymous_2)
FNF:3
FNH:3
FNDA:4,(anonymous_0)
FNDA:4,(anonymous_1)
FNDA:6,(anonymous_2)
DA:1,1
DA:9,1
DA:14,4
DA:15,1
DA:19,3
DA:20,3
DA:23,3
DA:24,4
DA:26,4
DA:27,2
DA:30,2
DA:31,2
DA:33,2
DA:36,6
DA:37,6
DA:39,6
DA:43,2
DA:44,2
DA:45,2
DA:48,1
LF:20
LH:20
BRDA:14,0,0,1
BRDA:14,0,1,3
BRDA:26,1,0,2
BRDA:26,1,1,2
BRDA:36,2,0,6
BRDA:36,2,1,0
BRDA:39,3,0,4
BRDA:39,3,1,2
BRDA:39,4,0,6
BRDA:39,4,1,6
BRDA:43,5,0,2
BRDA:43,5,1,0
BRF:12
BRH:10
end_of_record
TN:
SF:src/main/webapp/app/entities/booking/booking.model.ts
FN:17,(anonymous_0)
FN:30,getBookingIdentifier
FNF:2
FNH:2
FNDA:8,(anonymous_0)
FNDA:15,getBookingIdentifier
DA:16,5
DA:18,8
DA:19,8
DA:20,8
DA:21,8
DA:22,8
DA:23,8
DA:24,8
DA:25,8
DA:26,8
DA:30,5
DA:31,15
LF:12
LH:12
BRF:0
BRH:0
end_of_record
TN:
SF:src/main/webapp/app/entities/booking/delete/booking-delete-dialog.component.html
FNF:0
FNH:0
DA:1,2
LF:1
LH:1
BRF:0
BRH:0
end_of_record
TN:
SF:src/main/webapp/app/entities/booking/delete/booking-delete-dialog.component.ts
FN:13,(anonymous_0)
FN:15,(anonymous_1)
FN:19,(anonymous_2)
FN:20,(anonymous_3)
FNF:4
FNH:4
FNDA:2,(anonymous_0)
FNDA:1,(anonymous_1)
FNDA:1,(anonymous_2)
FNDA:1,(anonymous_3)
DA:1,2
DA:2,2
DA:5,2
DA:10,2
DA:13,2
DA:16,1
DA:20,1
DA:21,1
LF:8
LH:8
BRF:0
BRH:0
end_of_record
TN:
SF:src/main/webapp/app/entities/booking/detail/booking-detail.component.html
FNF:0
FNH:0
DA:1,1
LF:1
LH:1
BRF:0
BRH:0
end_of_record
TN:
SF:src/main/webapp/app/entities/booking/detail/booking-detail.component.ts
FN:13,(anonymous_0)
FN:15,(anonymous_1)
FN:16,(anonymous_2)
FN:21,(anonymous_3)
FNF:4
FNH:3
FNDA:1,(anonymous_0)
FNDA:1,(anonymous_1)
FNDA:1,(anonymous_2)
FNDA:0,(anonymous_3)
DA:1,1
DA:2,1
DA:10,1
DA:11,1
DA:13,1
DA:16,1
DA:17,1
DA:22,0
LF:8
LH:7
BRF:0
BRH:0
end_of_record
TN:
SF:src/main/webapp/app/entities/booking/list/booking.component.html
FNF:0
FNH:0
DA:1,1
LF:1
LH:1
BRF:0
BRH:0
end_of_record
TN:
SF:src/main/webapp/app/entities/booking/list/booking.component.ts
FN:27,(anonymous_0)
FN:34,(anonymous_1)
FN:45,(anonymous_2)
FN:49,(anonymous_3)
FN:56,(anonymous_4)
FN:60,(anonymous_5)
FN:64,(anonymous_6)
FN:68,(anonymous_7)
FN:75,(anonymous_8)
FN:83,(anonymous_9)
FN:84,(anonymous_10)
FN:98,(anonymous_11)
FN:114,(anonymous_12)
FNF:13
FNH:8
FNDA:4,(anonymous_0)
FNDA:5,(anonymous_1)
FNDA:5,(anonymous_2)
FNDA:0,(anonymous_3)
FNDA:3,(anonymous_4)
FNDA:0,(anonymous_5)
FNDA:0,(anonymous_6)
FNDA:0,(anonymous_7)
FNDA:5,(anonymous_8)
FNDA:3,(anonymous_9)
FNDA:3,(anonymous_10)
FNDA:5,(anonymous_11)
FNDA:0,(anonymous_12)
DA:1,1
DA:3,1
DA:4,1
DA:5,1
DA:9,1
DA:10,1
DA:11,1
DA:17,1
DA:19,4
DA:20,4
DA:21,4
DA:25,4
DA:28,4
DA:29,4
DA:30,4
DA:31,4
DA:35,5
DA:36,5
DA:38,5
DA:46,5
DA:47,5
DA:50,0
DA:51,0
DA:57,3
DA:61,0
DA:65,0
DA:66,0
DA:68,0
DA:69,0
DA:70,0
DA:76,5
DA:77,5
DA:78,2
DA:80,5
DA:84,3
DA:85,3
DA:86,3
DA:87,3
DA:88,3
DA:89,3
DA:90,3
DA:91,3
DA:92,3
DA:93,3
DA:99,5
DA:100,5
DA:101,5
DA:102,2
DA:110,5
DA:111,5
DA:115,0
LF:51
LH:42
BRDA:36,0,0,5
BRDA:36,0,1,0
BRDA:36,1,0,5
BRDA:36,1,1,5
BRDA:36,2,0,5
BRDA:36,2,1,0
BRDA:36,3,0,5
BRDA:36,3,1,5
BRDA:69,4,0,0
BRDA:69,4,1,0
BRDA:76,5,0,0
BRDA:76,5,1,5
BRDA:77,6,0,2
BRDA:77,6,1,3
BRDA:86,7,0,3
BRDA:86,7,1,0
BRDA:87,8,0,3
BRDA:87,8,1,0
BRDA:87,9,0,3
BRDA:87,9,1,3
BRDA:90,10,0,3
BRDA:90,10,1,0
BRDA:90,11,0,3
BRDA:90,11,1,0
BRDA:90,11,2,0
BRDA:101,12,0,2
BRDA:101,12,1,3
BRDA:106,13,0,0
BRDA:106,13,1,2
BRDA:110,14,0,5
BRDA:110,14,1,0
BRDA:110,15,0,5
BRDA:110,15,1,5
BRDA:115,16,0,0
BRDA:115,16,1,0
BRDA:115,17,0,0
BRDA:115,17,1,0
BRF:37
BRH:21
end_of_record
TN:
SF:src/main/webapp/app/entities/booking/route/booking-routing-resolve.service.ts
FN:12,(anonymous_0)
FN:14,(anonymous_1)
FN:18,(anonymous_2)
FNF:3
FNH:3
FNDA:3,(anonymous_0)
FNDA:3,(anonymous_1)
FNDA:2,(anonymous_2)
DA:1,1
DA:3,1
DA:4,1
DA:5,1
DA:7,1
DA:8,1
DA:11,1
DA:12,3
DA:15,3
DA:16,3
DA:17,2
DA:19,2
DA:20,1
DA:22,1
DA:23,1
DA:28,1
LF:16
LH:16
BRDA:16,0,0,2
BRDA:16,0,1,1
BRDA:19,1,0,1
BRDA:19,1,1,1
BRF:4
BRH:4
end_of_record
TN:
SF:src/main/webapp/app/entities/booking/service/booking.service.ts
FN:19,(anonymous_0)
FN:21,(anonymous_1)
FN:25,(anonymous_2)
FN:28,(anonymous_3)
FN:32,(anonymous_4)
FN:35,(anonymous_5)
FN:39,(anonymous_6)
FN:42,(anonymous_7)
FN:45,(anonymous_8)
FN:48,(anonymous_9)
FN:52,(anonymous_10)
FN:55,(anonymous_11)
FN:59,(anonymous_12)
FN:62,(anonymous_13)
FN:63,(anonymous_14)
FN:76,(anonymous_15)
FN:83,(anonymous_16)
FN:91,(anonymous_17)
FN:93,(anonymous_18)
FNF:19
FNH:19
FNDA:26,(anonymous_0)
FNDA:1,(anonymous_1)
FNDA:1,(anonymous_2)
FNDA:1,(anonymous_3)
FNDA:1,(anonymous_4)
FNDA:1,(anonymous_5)
FNDA:1,(anonymous_6)
FNDA:1,(anonymous_7)
FNDA:1,(anonymous_8)
FNDA:1,(anonymous_9)
FNDA:1,(anonymous_10)
FNDA:1,(anonymous_11)
FNDA:7,(anonymous_12)
FNDA:4,(anonymous_13)
FNDA:9,(anonymous_14)
FNDA:3,(anonymous_15)
FNDA:4,(anonymous_16)
FNDA:1,(anonymous_17)
FNDA:1,(anonymous_18)
DA:1,5
DA:2,5
DA:4,5
DA:5,5
DA:7,5
DA:8,5
DA:9,5
DA:10,5
DA:16,5
DA:17,26
DA:19,26
DA:22,1
DA:23,1
DA:25,1
DA:29,1
DA:30,1
DA:32,1
DA:36,1
DA:37,1
DA:39,1
DA:43,1
DA:45,1
DA:49,1
DA:50,1
DA:52,1
DA:56,1
DA:60,7
DA:61,7
DA:62,6
DA:63,6
DA:64,9
DA:65,9
DA:66,2
DA:68,7
DA:69,7
DA:71,6
DA:73,1
DA:77,3
DA:84,4
DA:85,4
DA:86,4
DA:88,4
DA:92,1
DA:93,1
DA:94,1
DA:95,1
DA:98,1
LF:47
LH:47
BRDA:61,0,0,6
BRDA:61,0,1,1
BRDA:65,1,0,2
BRDA:65,1,1,7
BRDA:65,2,0,9
BRDA:65,2,1,9
BRDA:78,3,0,2
BRDA:78,3,1,1
BRDA:78,4,0,1
BRDA:78,4,1,2
BRDA:78,5,0,3
BRDA:78,5,1,3
BRDA:79,6,0,2
BRDA:79,6,1,1
BRDA:79,7,0,1
BRDA:79,7,1,2
BRDA:79,8,0,3
BRDA:79,8,1,3
BRDA:84,9,0,4
BRDA:84,9,1,0
BRDA:85,10,0,4
BRDA:85,10,1,0
BRDA:86,11,0,4
BRDA:86,11,1,0
BRDA:92,12,0,1
BRDA:92,12,1,0
BRDA:94,13,0,1
BRDA:94,13,1,0
BRDA:95,14,0,1
BRDA:95,14,1,0
BRF:30
BRH:24
end_of_record
TN:
SF:src/main/webapp/app/entities/booking/update/booking-update.component.html
FNF:0
FNH:0
DA:1,1
LF:1
LH:1
BRF:0
BRH:0
end_of_record
TN:
SF:src/main/webapp/app/entities/booking/update/booking-update.component.ts
FN:33,(anonymous_0)
FN:35,(anonymous_1)
FN:36,(anonymous_2)
FN:47,(anonymous_3)
FN:51,(anonymous_4)
FN:61,(anonymous_5)
FN:62,(anonymous_6)
FN:63,(anonymous_7)
FN:64,(anonymous_8)
FN:68,(anonymous_9)
FN:72,(anonymous_10)
FN:76,(anonymous_11)
FN:80,(anonymous_12)
FN:94,(anonymous_13)
FNF:14
FNH:14
FNDA:4,(anonymous_0)
FNDA:4,(anonymous_1)
FNDA:4,(anonymous_2)
FNDA:2,(anonymous_3)
FNDA:3,(anonymous_4)
FNDA:3,(anonymous_5)
FNDA:3,(anonymous_6)
FNDA:2,(anonymous_7)
FNDA:1,(anonymous_8)
FNDA:2,(anonymous_9)
FNDA:1,(anonymous_10)
FNDA:3,(anonymous_11)
FNDA:4,(anonymous_12)
FNDA:3,(anonymous_13)
DA:1,1
DA:3,1
DA:4,1
DA:6,1
DA:8,1
DA:9,1
DA:11,1
DA:12,1
DA:18,1
DA:19,4
DA:21,4
DA:33,4
DA:36,4
DA:37,4
DA:38,1
DA:39,1
DA:40,1
DA:43,4
DA:48,2
DA:52,3
DA:53,3
DA:54,3
DA:55,2
DA:57,1
DA:62,3
DA:63,2
DA:64,1
DA:69,2
DA:77,3
DA:81,4
DA:95,3
LF:31
LH:31
BRDA:37,0,0,1
BRDA:37,0,1,3
BRDA:54,1,0,2
BRDA:54,1,1,1
BRDA:83,2,0,1
BRDA:83,2,1,3
BRDA:86,3,0,1
BRDA:86,3,1,3
BRDA:98,4,0,1
BRDA:98,4,1,2
BRDA:102,5,0,1
BRDA:102,5,1,2
BRF:12
BRH:12
end_of_record
TN:
SF:src/main/webapp/app/entities/enumerations/plan.model.ts
FN:1,(anonymous_0)
FNF:1
FNH:1
FNDA:1,(anonymous_0)
DA:1,1
DA:2,1
DA:4,1
DA:6,1
LF:4
LH:4
BRDA:1,0,0,1
BRDA:1,0,1,1
BRF:2
BRH:2
end_of_record
TN:
SF:src/main/webapp/app/entities/user/user.model.ts
FN:7,(anonymous_0)
FN:10,getUserIdentifier
FNF:2
FNH:2
FNDA:1,(anonymous_0)
FNDA:13,getUserIdentifier
DA:6,1
DA:7,1
DA:10,1
DA:11,13
LF:4
LH:4
BRF:0
BRH:0
end_of_record
TN:
SF:src/main/webapp/app/entities/user/user.service.ts
FN:15,(anonymous_0)
FN:17,(anonymous_1)
FN:22,(anonymous_2)
FN:25,(anonymous_3)
FN:26,(anonymous_4)
FNF:5
FNH:5
FNDA:9,(anonymous_0)
FNDA:2,(anonymous_1)
FNDA:7,(anonymous_2)
FNDA:4,(anonymous_3)
FNDA:9,(anonymous_4)
DA:1,1
DA:2,1
DA:5,1
DA:6,1
DA:7,1
DA:9,1
DA:12,1
DA:13,9
DA:15,9
DA:18,2
DA:19,2
DA:23,7
DA:24,7
DA:25,6
DA:26,6
DA:27,9
DA:28,9
DA:29,2
DA:31,7
DA:32,7
DA:34,6
DA:36,1
LF:22
LH:22
BRDA:24,0,0,6
BRDA:24,0,1,1
BRDA:28,1,0,2
BRDA:28,1,1,7
BRDA:28,2,0,9
BRDA:28,2,1,9
BRF:6
BRH:6
end_of_record
TN:
SF:src/main/webapp/app/home/home.component.html
FNF:0
FNH:0
DA:1,1
LF:1
LH:1
BRF:0
BRH:0
end_of_record
TN:
SF:src/main/webapp/app/home/home.component.ts
FN:19,(anonymous_0)
FN:21,(anonymous_1)
FN:25,(anonymous_2)
FN:28,(anonymous_3)
FN:32,(anonymous_4)
FNF:5
FNH:5
FNDA:3,(anonymous_0)
FNDA:2,(anonymous_1)
FNDA:3,(anonymous_2)
FNDA:1,(anonymous_3)
FNDA:3,(anonymous_4)
DA:1,1
DA:2,1
DA:3,1
DA:4,1
DA:6,1
DA:14,1
DA:15,3
DA:17,3
DA:19,3
DA:22,2
DA:25,3
DA:29,1
DA:33,3
DA:34,3
LF:14
LH:14
BRF:0
BRH:0
end_of_record
TN:
SF:src/main/webapp/app/layouts/main/main.component.html
FNF:0
FNH:0
DA:1,1
LF:1
LH:1
BRF:0
BRH:0
end_of_record
TN:
SF:src/main/webapp/app/layouts/main/main.component.ts
FN:12,(anonymous_0)
FN:14,(anonymous_1)
FN:18,(anonymous_2)
FN:25,(anonymous_3)
FN:33,(anonymous_4)
FNF:5
FNH:5
FNDA:5,(anonymous_0)
FNDA:5,(anonymous_1)
FNDA:15,(anonymous_2)
FNDA:17,(anonymous_3)
FNDA:10,(anonymous_4)
DA:1,1
DA:2,1
DA:3,1
DA:5,1
DA:11,1
DA:12,5
DA:16,5
DA:18,5
DA:19,15
DA:20,10
DA:26,17
DA:27,17
DA:28,7
DA:30,17
DA:34,10
DA:35,10
DA:36,1
DA:38,10
LF:18
LH:18
BRDA:19,0,0,10
BRDA:19,0,1,5
BRDA:26,1,0,12
BRDA:26,1,1,5
BRDA:26,2,0,17
BRDA:26,2,1,17
BRDA:27,3,0,7
BRDA:27,3,1,10
BRDA:28,4,0,7
BRDA:28,4,1,4
BRDA:35,5,0,1
BRDA:35,5,1,9
BRF:12
BRH:12
end_of_record
TN:
SF:src/main/webapp/app/layouts/navbar/navbar.component.html
FNF:0
FNH:0
DA:1,1
LF:1
LH:1
BRF:0
BRH:0
end_of_record
TN:
SF:src/main/webapp/app/layouts/navbar/navbar.component.ts
FN:22,(anonymous_0)
FN:33,(anonymous_1)
FN:34,(anonymous_2)
FN:38,(anonymous_3)
FN:41,(anonymous_4)
FN:45,(anonymous_5)
FN:49,(anonymous_6)
FN:55,(anonymous_7)
FNF:8
FNH:4
FNDA:3,(anonymous_0)
FNDA:3,(anonymous_1)
FNDA:1,(anonymous_2)
FNDA:4,(anonymous_3)
FNDA:0,(anonymous_4)
FNDA:0,(anonymous_5)
FNDA:0,(anonymous_6)
FNDA:0,(anonymous_7)
DA:1,1
DA:2,1
DA:4,1
DA:6,1
DA:7,1
DA:8,1
DA:15,1
DA:17,3
DA:19,3
DA:20,3
DA:23,3
DA:24,3
DA:25,3
DA:26,3
DA:28,3
DA:29,3
DA:34,3
DA:35,1
DA:36,1
DA:38,4
DA:42,0
DA:46,0
DA:50,0
DA:51,0
DA:52,0
DA:56,0
LF:26
LH:20
BRDA:28,0,0,3
BRDA:28,0,1,0
BRDA:29,1,0,0
BRDA:29,1,1,3
BRF:4
BRH:2
end_of_record
TN:
SF:src/main/webapp/app/layouts/profiles/page-ribbon.component.ts
FN:19,(anonymous_0)
FN:21,(anonymous_1)
FN:22,(anonymous_2)
FNF:3
FNH:2
FNDA:1,(anonymous_0)
FNDA:1,(anonymous_1)
FNDA:0,(anonymous_2)
DA:1,1
DA:3,1
DA:5,1
DA:16,1
DA:19,1
DA:22,1
LF:6
LH:6
BRF:0
BRH:0
end_of_record
TN:
SF:src/main/webapp/app/layouts/profiles/profile-info.model.ts
FN:9,(anonymous_0)
FNF:1
FNH:1
FNDA:2,(anonymous_0)
DA:8,2
DA:10,2
DA:11,2
DA:12,2
DA:13,2
LF:5
LH:5
BRF:0
BRH:0
end_of_record
TN:
SF:src/main/webapp/app/layouts/profiles/profile.service.ts
FN:14,(anonymous_0)
FN:16,(anonymous_1)
FN:22,(anonymous_2)
FN:30,(anonymous_3)
FNF:4
FNH:2
FNDA:4,(anonymous_0)
FNDA:2,(anonymous_1)
FNDA:0,(anonymous_2)
FNDA:0,(anonymous_3)
DA:1,2
DA:2,2
DA:3,2
DA:6,2
DA:10,2
DA:11,4
DA:14,4
DA:17,2
DA:18,0
DA:21,2
DA:23,0
DA:28,0
DA:29,0
DA:30,0
DA:31,0
DA:32,0
DA:35,0
DA:39,2
LF:18
LH:10
BRDA:17,0,0,0
BRDA:17,0,1,2
BRDA:25,1,0,0
BRDA:25,1,1,0
BRDA:25,2,0,0
BRDA:25,2,1,0
BRDA:26,3,0,0
BRDA:26,3,1,0
BRDA:26,4,0,0
BRDA:26,4,1,0
BRDA:28,5,0,0
BRDA:28,5,1,0
BRDA:28,6,0,0
BRDA:28,6,1,0
BRDA:30,7,0,0
BRDA:30,7,1,0
BRDA:30,8,0,0
BRDA:30,8,1,0
BRDA:31,9,0,0
BRDA:31,9,1,0
BRF:20
BRH:1
end_of_record
TN:
SF:src/main/webapp/app/login/login.component.html
FNF:0
FNH:0
DA:1,1
LF:1
LH:1
BRF:0
BRH:0
end_of_record
TN:
SF:src/main/webapp/app/login/login.component.ts
FN:24,(anonymous_0)
FN:31,(anonymous_1)
FN:33,(anonymous_2)
FN:40,(anonymous_3)
FN:44,(anonymous_4)
FN:52,(anonymous_5)
FN:59,(anonymous_6)
FNF:7
FNH:7
FNDA:7,(anonymous_0)
FNDA:3,(anonymous_1)
FNDA:3,(anonymous_2)
FNDA:1,(anonymous_3)
FNDA:3,(anonymous_4)
FNDA:2,(anonymous_5)
FNDA:1,(anonymous_6)
DA:1,1
DA:2,1
DA:3,1
DA:5,1
DA:6,1
DA:12,1
DA:16,7
DA:18,7
DA:25,7
DA:26,7
DA:27,7
DA:28,7
DA:33,3
DA:34,3
DA:35,1
DA:41,1
DA:45,3
DA:53,2
DA:54,2
DA:56,1
DA:59,1
LF:21
LH:21
BRDA:34,0,0,1
BRDA:34,0,1,2
BRDA:54,1,0,1
BRDA:54,1,1,1
BRF:4
BRH:4
end_of_record
TN:
SF:src/main/webapp/app/login/login.service.ts
FN:12,(anonymous_0)
FN:14,(anonymous_1)
FN:15,(anonymous_2)
FN:18,(anonymous_3)
FN:19,(anonymous_4)
FNF:5
FNH:0
FNDA:0,(anonymous_0)
FNDA:0,(anonymous_1)
FNDA:0,(anonymous_2)
FNDA:0,(anonymous_3)
FNDA:0,(anonymous_4)
DA:1,2
DA:3,2
DA:6,2
DA:7,2
DA:11,2
DA:12,0
DA:15,0
DA:19,0
LF:8
LH:5
BRF:0
BRH:0
end_of_record
TN:
SF:src/main/webapp/app/shared/alert/alert-error.component.html
FNF:0
FNH:0
DA:1,1
LF:1
LH:1
BRF:0
BRH:0
end_of_record
TN:
SF:src/main/webapp/app/shared/alert/alert-error.component.ts
FN:18,(anonymous_0)
FN:19,(anonymous_1)
FN:24,(anonymous_2)
FN:75,(anonymous_3)
FN:83,(anonymous_4)
FN:88,(anonymous_5)
FN:92,(anonymous_6)
FNF:7
FNH:4
FNDA:8,(anonymous_0)
FNDA:0,(anonymous_1)
FNDA:9,(anonymous_2)
FNDA:0,(anonymous_3)
FNDA:7,(anonymous_4)
FNDA:0,(anonymous_5)
FNDA:9,(anonymous_6)
DA:1,1
DA:6,1
DA:7,1
DA:13,1
DA:14,8
DA:18,8
DA:19,8
DA:20,0
DA:21,0
DA:24,8
DA:25,9
DA:26,9
DA:29,1
DA:30,1
DA:33,4
DA:34,4
DA:35,4
DA:36,2
DA:37,1
DA:40,4
DA:41,1
DA:42,3
DA:43,1
DA:44,1
DA:45,1
DA:46,1
DA:49,1
DA:50,1
DA:51,1
DA:53,2
DA:54,1
DA:56,1
DA:58,4
DA:62,1
DA:63,1
DA:66,3
DA:67,2
DA:69,1
DA:76,0
DA:77,0
DA:78,0
DA:80,0
DA:84,7
DA:85,7
DA:89,0
DA:93,9
LF:46
LH:39
BRDA:28,0,0,1
BRDA:28,0,1,4
BRDA:28,0,2,1
BRDA:28,0,3,3
BRDA:36,1,0,1
BRDA:36,1,1,1
BRDA:40,2,0,1
BRDA:40,2,1,3
BRDA:42,3,0,1
BRDA:42,3,1,2
BRDA:42,4,0,3
BRDA:42,4,1,3
BRDA:45,5,0,1
BRDA:45,5,1,0
BRDA:53,6,0,1
BRDA:53,6,1,1
BRDA:53,7,0,2
BRDA:53,7,1,2
BRDA:54,8,0,0
BRDA:54,8,1,1
BRDA:54,9,0,1
BRDA:54,9,1,1
BRDA:66,10,0,2
BRDA:66,10,1,1
BRDA:66,11,0,3
BRDA:66,11,1,3
BRDA:67,12,0,1
BRDA:67,12,1,1
BRDA:67,13,0,2
BRDA:67,13,1,2
BRDA:77,14,0,0
BRDA:77,14,1,0
BRDA:89,15,0,0
BRDA:89,15,1,0
BRDA:89,16,0,0
BRDA:89,16,1,0
BRF:36
BRH:28
end_of_record
TN:
SF:src/main/webapp/app/shared/alert/alert.component.html
FNF:0
FNH:0
DA:1,1
LF:1
LH:1
BRF:0
BRH:0
end_of_record
TN:
SF:src/main/webapp/app/shared/alert/alert.component.ts
FN:12,(anonymous_0)
FN:14,(anonymous_1)
FN:18,(anonymous_2)
FN:26,(anonymous_3)
FN:30,(anonymous_4)
FNF:5
FNH:3
FNDA:2,(anonymous_0)
FNDA:1,(anonymous_1)
FNDA:0,(anonymous_2)
FNDA:2,(anonymous_3)
FNDA:0,(anonymous_4)
DA:1,1
DA:3,1
DA:9,1
DA:10,2
DA:12,2
DA:15,1
DA:19,0
DA:20,0
DA:21,0
DA:23,0
DA:27,2
DA:31,0
LF:12
LH:7
BRDA:20,0,0,0
BRDA:20,0,1,0
BRDA:31,1,0,0
BRDA:31,1,1,0
BRDA:31,2,0,0
BRDA:31,2,1,0
BRF:6
BRH:0
end_of_record
TN:
SF:src/main/webapp/app/shared/auth/has-any-authority.directive.ts
FN:26,(anonymous_0)
FN:28,(anonymous_1)
FN:36,(anonymous_2)
FN:41,(anonymous_3)
FN:46,(anonymous_4)
FNF:5
FNH:5
FNDA:4,(anonymous_0)
FNDA:4,(anonymous_1)
FNDA:3,(anonymous_2)
FNDA:4,(anonymous_3)
FNDA:7,(anonymous_4)
DA:1,1
DA:2,1
DA:3,1
DA:5,1
DA:21,1
DA:24,4
DA:26,4
DA:30,4
DA:31,4
DA:33,4
DA:37,3
DA:42,4
DA:43,4
DA:47,7
DA:48,7
DA:49,7
DA:50,5
LF:17
LH:17
BRDA:49,0,0,5
BRDA:49,0,1,2
BRF:2
BRH:2
end_of_record
TN:
SF:src/main/webapp/app/shared/date/format-medium-date.pipe.ts
FN:9,(anonymous_0)
FNF:1
FNH:1
FNDA:3,(anonymous_0)
DA:1,1
DA:8,1
DA:10,3
LF:3
LH:3
BRDA:10,0,0,1
BRDA:10,0,1,2
BRF:2
BRH:2
end_of_record
TN:
SF:src/main/webapp/app/shared/date/format-medium-datetime.pipe.ts
FN:9,(anonymous_0)
FNF:1
FNH:1
FNDA:3,(anonymous_0)
DA:1,1
DA:8,1
DA:10,3
LF:3
LH:3
BRDA:10,0,0,1
BRDA:10,0,1,2
BRF:2
BRH:2
end_of_record
TN:
SF:src/main/webapp/app/shared/pagination/item-count.component.ts
FN:17,(anonymous_0)
FNF:1
FNH:1
FNDA:4,(anonymous_0)
DA:1,1
DA:10,1
DA:18,4
DA:19,3
DA:20,3
DA:22,1
DA:23,1
DA:25,4
LF:8
LH:8
BRDA:18,0,0,3
BRDA:18,0,1,1
BRDA:18,1,0,4
BRDA:18,1,1,3
BRDA:18,1,2,3
BRDA:20,2,0,2
BRDA:20,2,1,1
BRF:7
BRH:7
end_of_record
TN:
SF:src/main/webapp/app/shared/sort/sort-by.directive.ts
FN:24,(anonymous_0)
FN:25,(anonymous_1)
FN:26,(anonymous_2)
FN:30,(anonymous_3)
FN:34,(anonymous_4)
FN:38,(anonymous_5)
FN:43,(anonymous_6)
FNF:7
FNH:7
FNDA:6,(anonymous_0)
FNDA:12,(anonymous_1)
FNDA:15,(anonymous_2)
FNDA:4,(anonymous_3)
FNDA:6,(anonymous_4)
FNDA:5,(anonymous_5)
FNDA:33,(anonymous_6)
DA:1,1
DA:2,1
DA:3,1
DA:4,1
DA:5,1
DA:7,1
DA:12,1
DA:18,6
DA:19,6
DA:20,6
DA:22,6
DA:24,6
DA:25,12
DA:26,15
DA:31,4
DA:35,6
DA:39,5
DA:40,5
DA:44,33
DA:45,33
DA:46,33
DA:47,18
DA:49,33
DA:50,33
LF:24
LH:24
BRDA:44,0,0,33
BRDA:44,0,1,0
BRDA:46,1,0,18
BRDA:46,1,1,15
BRDA:47,2,0,8
BRDA:47,2,1,10
BRF:6
BRH:5
end_of_record
TN:
SF:src/main/webapp/app/shared/sort/sort.directive.ts
FN:7,(anonymous_1)
FN:11,(anonymous_2)
FN:16,(anonymous_3)
FN:20,(anonymous_4)
FN:33,(anonymous_5)
FNF:5
FNH:5
FNDA:50,(anonymous_1)
FNDA:17,(anonymous_2)
FNDA:30,(anonymous_3)
FNDA:20,(anonymous_4)
FNDA:9,(anonymous_5)
DA:1,2
DA:6,2
DA:9,50
DA:12,17
DA:13,17
DA:18,30
DA:21,20
DA:22,20
DA:27,9
DA:28,9
DA:34,9
DA:35,8
DA:36,8
DA:37,8
DA:38,8
DA:39,8
LF:16
LH:16
BRDA:34,0,0,8
BRDA:34,0,1,1
BRDA:35,1,0,4
BRDA:35,1,1,4
BRDA:39,2,0,0
BRDA:39,2,1,8
BRDA:39,3,0,8
BRDA:39,3,1,8
BRF:8
BRH:7
end_of_record
